2016-12-02 21:16:18.177  INFO 8 --- [main] c.e.u.RegistrationApplication            : Starting RegistrationApplication on 6911a40b5c81 with PID 8 (started by root in /)
2016-12-02 21:16:18.192  INFO 8 --- [main] c.e.u.RegistrationApplication            : No active profile set, falling back to default profiles: default
2016-12-02 21:16:19.104  INFO 8 --- [main] ationConfigEmbeddedWebApplicationContext : Refreshing org.springframework.boot.context.embedded.AnnotationConfigEmbeddedWebApplicationContext@5387f9e0: startup date [Fri Dec 02 21:16:19 UTC 2016]; root of context hierarchy
2016-12-02 21:16:23.135  INFO 8 --- [main] trationDelegate$BeanPostProcessorChecker : Bean 'org.springframework.transaction.annotation.ProxyTransactionManagementConfiguration' of type [class org.springframework.transaction.annotation.ProxyTransactionManagementConfiguration$$EnhancerBySpringCGLIB$$8b6b40b7] is not eligible for getting processed by all BeanPostProcessors (for example: not eligible for auto-proxying)
2016-12-02 21:16:24.434  INFO 8 --- [main] s.b.c.e.t.TomcatEmbeddedServletContainer : Tomcat initialized with port(s): 8080 (http)
2016-12-02 21:16:24.490  INFO 8 --- [main] o.apache.catalina.core.StandardService   : Starting service Tomcat
2016-12-02 21:16:24.496  INFO 8 --- [main] org.apache.catalina.core.StandardEngine  : Starting Servlet Engine: Apache Tomcat/8.0.37
2016-12-02 21:16:26.560  INFO 8 --- [localhost-startStop-1] o.a.c.c.C.[Tomcat].[localhost].[/]       : Initializing Spring embedded WebApplicationContext
2016-12-02 21:16:26.561  INFO 8 --- [localhost-startStop-1] o.s.web.context.ContextLoader            : Root WebApplicationContext: initialization completed in 7467 ms
2016-12-02 21:16:27.748  INFO 8 --- [localhost-startStop-1] o.s.b.c.e.ServletRegistrationBean        : Mapping servlet: 'dispatcherServlet' to [/]
2016-12-02 21:16:27.763  INFO 8 --- [localhost-startStop-1] o.s.b.c.embedded.FilterRegistrationBean  : Mapping filter: 'metricsFilter' to: [/*]
2016-12-02 21:16:27.764  INFO 8 --- [localhost-startStop-1] o.s.b.c.embedded.FilterRegistrationBean  : Mapping filter: 'characterEncodingFilter' to: [/*]
2016-12-02 21:16:27.768  INFO 8 --- [localhost-startStop-1] o.s.b.c.embedded.FilterRegistrationBean  : Mapping filter: 'hiddenHttpMethodFilter' to: [/*]
2016-12-02 21:16:27.770  INFO 8 --- [localhost-startStop-1] o.s.b.c.embedded.FilterRegistrationBean  : Mapping filter: 'httpPutFormContentFilter' to: [/*]
2016-12-02 21:16:27.770  INFO 8 --- [localhost-startStop-1] o.s.b.c.embedded.FilterRegistrationBean  : Mapping filter: 'requestContextFilter' to: [/*]
2016-12-02 21:16:27.771  INFO 8 --- [localhost-startStop-1] o.s.b.c.embedded.FilterRegistrationBean  : Mapping filter: 'webRequestLoggingFilter' to: [/*]
2016-12-02 21:16:27.774  INFO 8 --- [localhost-startStop-1] o.s.b.c.embedded.FilterRegistrationBean  : Mapping filter: 'applicationContextIdFilter' to: [/*]
2016-12-02 21:16:29.068  INFO 8 --- [main] o.s.jdbc.datasource.init.ScriptUtils     : Executing SQL script from class path resource [user-schema.sql]
2016-12-02 21:16:29.082  INFO 8 --- [main] o.s.jdbc.datasource.init.ScriptUtils     : Executed SQL script from class path resource [user-schema.sql] in 11 ms.
2016-12-02 21:16:29.684  INFO 8 --- [main] s.w.s.m.m.a.RequestMappingHandlerAdapter : Looking for @ControllerAdvice: org.springframework.boot.context.embedded.AnnotationConfigEmbeddedWebApplicationContext@5387f9e0: startup date [Fri Dec 02 21:16:19 UTC 2016]; root of context hierarchy
2016-12-02 21:16:29.878  INFO 8 --- [main] s.w.s.m.m.a.RequestMappingHandlerMapping : Mapped "{[/en],methods=[GET]}" onto public java.lang.String com.ewolff.user_registration.web.EnglishRegistrationController.homepage_en()
2016-12-02 21:16:29.879  INFO 8 --- [main] s.w.s.m.m.a.RequestMappingHandlerMapping : Mapped "{[/user_en],methods=[GET]}" onto public org.springframework.web.servlet.ModelAndView com.ewolff.user_registration.web.EnglishRegistrationController.createForm()
2016-12-02 21:16:29.882  INFO 8 --- [main] s.w.s.m.m.a.RequestMappingHandlerMapping : Mapped "{[/userdelete_en],methods=[POST]}" onto public java.lang.String com.ewolff.user_registration.web.EnglishRegistrationController.delete(java.lang.String)
2016-12-02 21:16:29.885  INFO 8 --- [main] s.w.s.m.m.a.RequestMappingHandlerMapping : Mapped "{[/user_en],methods=[POST]}" onto public org.springframework.web.servlet.ModelAndView com.ewolff.user_registration.web.EnglishRegistrationController.create(com.ewolff.user_registration.domain.User,org.springframework.validation.BindingResult,org.springframework.web.servlet.mvc.support.RedirectAttributes)
2016-12-02 21:16:29.889  INFO 8 --- [main] s.w.s.m.m.a.RequestMappingHandlerMapping : Mapped "{[/usersearch_en],methods=[GET]}" onto public org.springframework.web.servlet.ModelAndView com.ewolff.user_registration.web.EnglishRegistrationController.search(java.lang.String)
2016-12-02 21:16:29.893  INFO 8 --- [main] s.w.s.m.m.a.RequestMappingHandlerMapping : Mapped "{[/user],methods=[GET]}" onto public org.springframework.web.servlet.ModelAndView com.ewolff.user_registration.web.RegistrationController.createForm()
2016-12-02 21:16:29.893  INFO 8 --- [main] s.w.s.m.m.a.RequestMappingHandlerMapping : Mapped "{[/],methods=[GET]}" onto public java.lang.String com.ewolff.user_registration.web.RegistrationController.homepage()
2016-12-02 21:16:29.894  INFO 8 --- [main] s.w.s.m.m.a.RequestMappingHandlerMapping : Mapped "{[/usersearch],methods=[GET]}" onto public org.springframework.web.servlet.ModelAndView com.ewolff.user_registration.web.RegistrationController.suche(java.lang.String)
2016-12-02 21:16:29.897  INFO 8 --- [main] s.w.s.m.m.a.RequestMappingHandlerMapping : Mapped "{[/userdelete],methods=[POST]}" onto public java.lang.String com.ewolff.user_registration.web.RegistrationController.delete(java.lang.String)
2016-12-02 21:16:29.897  INFO 8 --- [main] s.w.s.m.m.a.RequestMappingHandlerMapping : Mapped "{[/user],methods=[POST]}" onto public org.springframework.web.servlet.ModelAndView com.ewolff.user_registration.web.RegistrationController.create(com.ewolff.user_registration.domain.User,org.springframework.validation.BindingResult,org.springframework.web.servlet.mvc.support.RedirectAttributes)
2016-12-02 21:16:29.904  INFO 8 --- [main] s.w.s.m.m.a.RequestMappingHandlerMapping : Mapped "{[/error],produces=[text/html]}" onto public org.springframework.web.servlet.ModelAndView org.springframework.boot.autoconfigure.web.BasicErrorController.errorHtml(javax.servlet.http.HttpServletRequest,javax.servlet.http.HttpServletResponse)
2016-12-02 21:16:29.904  INFO 8 --- [main] s.w.s.m.m.a.RequestMappingHandlerMapping : Mapped "{[/error]}" onto public org.springframework.http.ResponseEntity<java.util.Map<java.lang.String, java.lang.Object>> org.springframework.boot.autoconfigure.web.BasicErrorController.error(javax.servlet.http.HttpServletRequest)
2016-12-02 21:16:30.022  INFO 8 --- [main] o.s.w.s.handler.SimpleUrlHandlerMapping  : Mapped URL path [/webjars/**] onto handler of type [class org.springframework.web.servlet.resource.ResourceHttpRequestHandler]
2016-12-02 21:16:30.024  INFO 8 --- [main] o.s.w.s.handler.SimpleUrlHandlerMapping  : Mapped URL path [/**] onto handler of type [class org.springframework.web.servlet.resource.ResourceHttpRequestHandler]
2016-12-02 21:16:30.172  INFO 8 --- [main] o.s.w.s.handler.SimpleUrlHandlerMapping  : Mapped URL path [/**/favicon.ico] onto handler of type [class org.springframework.web.servlet.resource.ResourceHttpRequestHandler]
2016-12-02 21:16:32.098  INFO 8 --- [main] o.s.b.a.e.mvc.EndpointHandlerMapping     : Mapped "{[/health || /health.json],produces=[application/json]}" onto public java.lang.Object org.springframework.boot.actuate.endpoint.mvc.HealthMvcEndpoint.invoke(java.security.Principal)
2016-12-02 21:16:32.110  INFO 8 --- [main] o.s.b.a.e.mvc.EndpointHandlerMapping     : Mapped "{[/logfile || /logfile.json],methods=[GET || HEAD]}" onto public void org.springframework.boot.actuate.endpoint.mvc.LogFileMvcEndpoint.invoke(javax.servlet.http.HttpServletRequest,javax.servlet.http.HttpServletResponse) throws javax.servlet.ServletException,java.io.IOException
2016-12-02 21:16:32.116  INFO 8 --- [main] o.s.b.a.e.mvc.EndpointHandlerMapping     : Mapped "{[/autoconfig || /autoconfig.json],methods=[GET],produces=[application/json]}" onto public java.lang.Object org.springframework.boot.actuate.endpoint.mvc.EndpointMvcAdapter.invoke()
2016-12-02 21:16:32.117  INFO 8 --- [main] o.s.b.a.e.mvc.EndpointHandlerMapping     : Mapped "{[/env/{name:.*}],methods=[GET],produces=[application/json]}" onto public java.lang.Object org.springframework.boot.actuate.endpoint.mvc.EnvironmentMvcEndpoint.value(java.lang.String)
2016-12-02 21:16:32.117  INFO 8 --- [main] o.s.b.a.e.mvc.EndpointHandlerMapping     : Mapped "{[/env || /env.json],methods=[GET],produces=[application/json]}" onto public java.lang.Object org.springframework.boot.actuate.endpoint.mvc.EndpointMvcAdapter.invoke()
2016-12-02 21:16:32.119  INFO 8 --- [main] o.s.b.a.e.mvc.EndpointHandlerMapping     : Mapped "{[/dump || /dump.json],methods=[GET],produces=[application/json]}" onto public java.lang.Object org.springframework.boot.actuate.endpoint.mvc.EndpointMvcAdapter.invoke()
2016-12-02 21:16:32.120  INFO 8 --- [main] o.s.b.a.e.mvc.EndpointHandlerMapping     : Mapped "{[/metrics/{name:.*}],methods=[GET],produces=[application/json]}" onto public java.lang.Object org.springframework.boot.actuate.endpoint.mvc.MetricsMvcEndpoint.value(java.lang.String)
2016-12-02 21:16:32.120  INFO 8 --- [main] o.s.b.a.e.mvc.EndpointHandlerMapping     : Mapped "{[/metrics || /metrics.json],methods=[GET],produces=[application/json]}" onto public java.lang.Object org.springframework.boot.actuate.endpoint.mvc.EndpointMvcAdapter.invoke()
2016-12-02 21:16:32.122  INFO 8 --- [main] o.s.b.a.e.mvc.EndpointHandlerMapping     : Mapped "{[/beans || /beans.json],methods=[GET],produces=[application/json]}" onto public java.lang.Object org.springframework.boot.actuate.endpoint.mvc.EndpointMvcAdapter.invoke()
2016-12-02 21:16:32.125  INFO 8 --- [main] o.s.b.a.e.mvc.EndpointHandlerMapping     : Mapped "{[/configprops || /configprops.json],methods=[GET],produces=[application/json]}" onto public java.lang.Object org.springframework.boot.actuate.endpoint.mvc.EndpointMvcAdapter.invoke()
2016-12-02 21:16:32.132  INFO 8 --- [main] o.s.b.a.e.mvc.EndpointHandlerMapping     : Mapped "{[/trace || /trace.json],methods=[GET],produces=[application/json]}" onto public java.lang.Object org.springframework.boot.actuate.endpoint.mvc.EndpointMvcAdapter.invoke()
2016-12-02 21:16:32.136  INFO 8 --- [main] o.s.b.a.e.mvc.EndpointHandlerMapping     : Mapped "{[/mappings || /mappings.json],methods=[GET],produces=[application/json]}" onto public java.lang.Object org.springframework.boot.actuate.endpoint.mvc.EndpointMvcAdapter.invoke()
2016-12-02 21:16:32.137  INFO 8 --- [main] o.s.b.a.e.mvc.EndpointHandlerMapping     : Mapped "{[/info || /info.json],methods=[GET],produces=[application/json]}" onto public java.lang.Object org.springframework.boot.actuate.endpoint.mvc.EndpointMvcAdapter.invoke()
2016-12-02 21:16:32.473  INFO 8 --- [main] o.s.j.e.a.AnnotationMBeanExporter        : Registering beans for JMX exposure on startup
2016-12-02 21:16:32.504  INFO 8 --- [main] o.s.c.support.DefaultLifecycleProcessor  : Starting beans in phase 0
2016-12-02 21:16:32.891  INFO 8 --- [main] s.b.c.e.t.TomcatEmbeddedServletContainer : Tomcat started on port(s): 8080 (http)
2016-12-02 21:16:32.904  INFO 8 --- [main] c.e.u.RegistrationApplication            : Started RegistrationApplication in 15.855 seconds (JVM running for 17.0)
